TN:InstProfiler
SF:/mnt/data/fabkle01/CMSIS/packs/ARM/CMSIS-DSP/1.17.0/PrivateInclude/arm_vec_fft.h
FN:150,arm_cfft_f16
FNDA:1,arm_cfft_f16
FNF:1
FNH:1
DA:150,1
DA:153,1
DA:154,1
DA:158,1
DA:159,1
DA:160,1
DA:163,1
DA:164,1
DA:165,1
DA:166,1
DA:168,1
DA:169,1
DA:171,1
DA:172,1
DA:175,1
DA:178,1
DA:179,1
DA:183,1
DA:184,1
DA:186,1
DA:187,1
DA:193,1
DA:194,1
DA:195,0
DA:196,0
DA:198,0
DA:199,0
DA:202,0
DA:204,0
DA:206,0
DA:207,0
DA:209,0
DA:210,0
DA:212,0
DA:213,0
DA:214,0
DA:215,0
DA:217,0
DA:218,0
DA:220,0
DA:221,0
LF:41
LH:23
end_of_record
SF:/mnt/data/fabkle01/CMSIS/packs/ARM/CMSIS-DSP/1.17.0/Source/TransformFunctions/arm_cfft_f16.c
FN:47,arm_cfft_f16
FNDA:1,arm_cfft_f16
FNF:1
FNH:1
DA:47,0
DA:56,0
DA:60,0
DA:64,0
DA:68,0
DA:72,0
DA:76,0
DA:112,1
DA:124,1
DA:127,1
DA:128,1
DA:129,1
DA:141,1
DA:143,1
DA:144,1
DA:146,1
DA:147,1
DA:149,1
DA:150,1
DA:154,1
DA:155,1
DA:161,1
DA:165,1
DA:167,1
DA:168,1
DA:174,1
DA:178,1
DA:180,1
DA:181,1
DA:187,1
DA:191,1
DA:193,1
DA:194,1
DA:202,1
DA:206,1
DA:207,1
DA:214,1
DA:217,1
DA:218,1
DA:220,1
DA:221,1
DA:223,1
DA:224,1
DA:226,1
DA:227,1
DA:229,1
DA:230,1
DA:233,1
DA:234,1
DA:236,1
DA:237,1
DA:239,1
DA:240,1
DA:242,1
DA:243,1
DA:245,1
DA:246,1
DA:259,0
DA:269,0
DA:272,0
DA:273,0
DA:275,0
DA:276,0
DA:277,0
DA:280,0
DA:281,0
DA:283,0
DA:285,0
DA:287,0
DA:471,0
DA:480,0
DA:482,0
DA:485,0
DA:486,0
DA:488,0
DA:489,0
DA:490,0
DA:493,0
DA:494,0
DA:496,0
DA:498,0
DA:500,0
DA:506,0
DA:508,0
DA:555,1
DA:556,1
DA:558,1
DA:560,0
DA:566,0
DA:577,1
DA:596,1
DA:599,1
DA:602,1
LF:93
LH:57
end_of_record
SF:/mnt/data/fabkle01/CMSIS/packs/ARM/CMSIS-DSP/1.17.0/Source/TransformFunctions/arm_rfft_fast_f16.c
FN:65,arm_rfft_fast_f16
FNDA:1,arm_rfft_fast_f16
FNF:1
FNH:1
DA:65,1
DA:69,1
DA:70,1
DA:75,1
DA:78,1
DA:81,1
DA:85,1
DA:86,1
DA:89,1
DA:90,1
DA:92,1
DA:93,1
DA:111,1
DA:116,1
DA:117,1
DA:120,1
DA:123,1
DA:127,1
DA:128,1
DA:130,1
DA:131,1
DA:133,1
DA:134,1
DA:136,1
DA:137,1
DA:139,1
DA:140,1
DA:142,1
DA:143,1
DA:146,1
DA:154,1
DA:155,1
DA:172,1
DA:173,1
DA:174,1
DA:175,1
DA:177,1
DA:178,1
DA:180,1
DA:181,1
DA:185,1
DA:186,1
DA:187,1
DA:188,1
DA:190,1
DA:191,1
DA:222,0
DA:224,0
DA:225,0
DA:227,0
DA:229,0
DA:230,0
DA:232,0
DA:233,0
DA:235,0
DA:236,0
DA:241,0
DA:246,0
DA:247,0
DA:250,0
DA:253,0
DA:258,0
DA:259,0
DA:261,0
DA:262,0
DA:264,0
DA:265,0
DA:267,0
DA:268,0
DA:270,0
DA:271,0
DA:273,0
DA:274,0
DA:277,0
DA:285,0
DA:286,0
DA:291,0
DA:292,0
DA:293,0
DA:294,0
DA:296,0
DA:297,0
DA:299,0
DA:300,0
DA:302,0
DA:303,0
DA:304,0
DA:305,0
DA:309,0
DA:310,0
DA:529,1
DA:534,1
DA:537,0
DA:539,0
DA:545,1
DA:548,1
DA:550,1
LF:97
LH:51
end_of_record
SF:/mnt/data/fabkle01/CMSIS/packs/ARM/CMSIS-DSP/1.17.0/Source/TransformFunctions/arm_rfft_fast_init_f16.c
FN:93,arm_rfft_fast_init_f16
FNDA:1,arm_rfft_fast_init_f16
FNF:1
FNH:1
DA:93,0
DA:125,0
DA:157,0
DA:188,0
DA:219,1
DA:251,0
DA:281,0
DA:311,0
DA:357,1
DA:361,1
DA:394,1
LF:11
LH:4
end_of_record
SF:/mnt/data/fabkle01/FVPs/FastModelsPortfolio_11.27/examples/MTI/FVPInstTrace/examples/rfft512_f16/src/main.c
FN:63,main
FNDA:1,main
FNF:1
FNH:1
DA:63,1
DA:65,1
DA:66,1
DA:74,1
DA:78,1
DA:79,1
DA:84,1
DA:85,1
DA:94,1
DA:97,1
DA:99,1
DA:100,1
DA:107,1
DA:109,1
LF:14
LH:14
end_of_record
